<?xml version="1.0" encoding="UTF-8" ?>
<testsuite tests="5" failures="0" name="com.tecsup.gestion.dao.DeparmentDAOTest" time="0.459" errors="0" skipped="0">
  <properties>
[...]
</properties>
  <testcase classname="com.tecsup.gestion.dao.DeparmentDAOTest" name="deleteDeparment" time="0.315"/>
  <testcase classname="com.tecsup.gestion.dao.DeparmentDAOTest" name="testFindDeparmentById" time="0.029"/>
  <testcase classname="com.tecsup.gestion.dao.DeparmentDAOTest" name="updateDeparment" time="0.076"/>
  <testcase classname="com.tecsup.gestion.dao.DeparmentDAOTest" name="testFindDeparmentByName" time="0.012"/>
  <testcase classname="com.tecsup.gestion.dao.DeparmentDAOTest" name="createDeparment" time="0.027"/>
</testsuite>